0 info it worked if it ends with ok
1 verbose cli [ '/usr/local/bin/node',
1 verbose cli   '/usr/local/bin/npm',
1 verbose cli   'install',
1 verbose cli   '-g',
1 verbose cli   'grunt-cli' ]
2 info using npm@2.14.12
3 info using node@v4.2.4
4 verbose install initial load of /usr/local/lib/package.json
5 verbose readDependencies loading dependencies from /usr/local/lib/package.json
6 silly cache add args [ 'grunt-cli', null ]
7 verbose cache add spec grunt-cli
8 silly cache add parsed spec Result {
8 silly cache add   raw: 'grunt-cli',
8 silly cache add   scope: null,
8 silly cache add   name: 'grunt-cli',
8 silly cache add   rawSpec: '',
8 silly cache add   spec: 'latest',
8 silly cache add   type: 'tag' }
9 silly addNamed grunt-cli@latest
10 verbose addNamed "latest" is being treated as a dist-tag for grunt-cli
11 info addNameTag [ 'grunt-cli', 'latest' ]
12 silly mapToRegistry name grunt-cli
13 silly mapToRegistry using default registry
14 silly mapToRegistry registry https://registry.npmjs.org/
15 silly mapToRegistry uri https://registry.npmjs.org/grunt-cli
16 verbose addNameTag registry:https://registry.npmjs.org/grunt-cli not in flight; fetching
17 verbose request uri https://registry.npmjs.org/grunt-cli
18 verbose request no auth needed
19 info attempt registry request try #1 at 11:16:45 AM
20 verbose request id 399cf6a0831a06ca
21 verbose etag "5KPSM8IYFLATY7HJN9IZRFKQS"
22 http request GET https://registry.npmjs.org/grunt-cli
23 http 200 https://registry.npmjs.org/grunt-cli
24 verbose headers { server: 'CouchDB/1.5.0 (Erlang OTP/R16B03)',
24 verbose headers   etag: '"O4ILQO6EIKX7WLPW1J4C3SNS"',
24 verbose headers   'content-type': 'application/json',
24 verbose headers   'content-encoding': 'gzip',
24 verbose headers   'cache-control': 'max-age=300',
24 verbose headers   'content-length': '5885',
24 verbose headers   'accept-ranges': 'bytes',
24 verbose headers   date: 'Mon, 16 May 2016 04:16:46 GMT',
24 verbose headers   via: '1.1 varnish',
24 verbose headers   age: '52',
24 verbose headers   connection: 'keep-alive',
24 verbose headers   'x-served-by': 'cache-hkg6825-HKG',
24 verbose headers   'x-cache': 'HIT',
24 verbose headers   'x-cache-hits': '9',
24 verbose headers   'x-timer': 'S1463372206.071085,VS0,VE0',
24 verbose headers   vary: 'Accept-Encoding' }
25 silly get cb [ 200,
25 silly get   { server: 'CouchDB/1.5.0 (Erlang OTP/R16B03)',
25 silly get     etag: '"O4ILQO6EIKX7WLPW1J4C3SNS"',
25 silly get     'content-type': 'application/json',
25 silly get     'content-encoding': 'gzip',
25 silly get     'cache-control': 'max-age=300',
25 silly get     'content-length': '5885',
25 silly get     'accept-ranges': 'bytes',
25 silly get     date: 'Mon, 16 May 2016 04:16:46 GMT',
25 silly get     via: '1.1 varnish',
25 silly get     age: '52',
25 silly get     connection: 'keep-alive',
25 silly get     'x-served-by': 'cache-hkg6825-HKG',
25 silly get     'x-cache': 'HIT',
25 silly get     'x-cache-hits': '9',
25 silly get     'x-timer': 'S1463372206.071085,VS0,VE0',
25 silly get     vary: 'Accept-Encoding' } ]
26 verbose get saving grunt-cli to /Users/johnnyp/.npm/registry.npmjs.org/grunt-cli/.cache.json
27 silly addNameTag next cb for grunt-cli with tag latest
28 silly addNamed grunt-cli@1.2.0
29 verbose addNamed "1.2.0" is a plain semver version for grunt-cli
30 silly cache afterAdd grunt-cli@1.2.0
31 verbose afterAdd /Users/johnnyp/.npm/grunt-cli/1.2.0/package/package.json not in flight; writing
32 verbose afterAdd /Users/johnnyp/.npm/grunt-cli/1.2.0/package/package.json written
33 silly install resolved [ { name: 'grunt-cli',
33 silly install resolved     description: 'The grunt command line interface',
33 silly install resolved     version: '1.2.0',
33 silly install resolved     author:
33 silly install resolved      { name: 'Grunt Development Team',
33 silly install resolved        url: 'http://gruntjs.com/development-team' },
33 silly install resolved     repository:
33 silly install resolved      { type: 'git',
33 silly install resolved        url: 'git+https://github.com/gruntjs/grunt-cli.git' },
33 silly install resolved     license: 'MIT',
33 silly install resolved     engines: { node: '>=0.10.0' },
33 silly install resolved     scripts: { test: 'node bin/grunt test' },
33 silly install resolved     bin: { grunt: 'bin/grunt' },
33 silly install resolved     dependencies:
33 silly install resolved      { 'findup-sync': '~0.3.0',
33 silly install resolved        'grunt-known-options': '~1.1.0',
33 silly install resolved        nopt: '~3.0.6',
33 silly install resolved        resolve: '~1.1.0' },
33 silly install resolved     devDependencies: { grunt: '~0.4.5', 'grunt-contrib-jshint': '~1.0.0' },
33 silly install resolved     files: [ 'bin', 'completion', 'lib' ],
33 silly install resolved     appveyor_id: 'prp6g944b05jsq6d',
33 silly install resolved     contributors: [ [Object], [Object], [Object], [Object] ],
33 silly install resolved     gitHead: 'edd8bd29a72f2f28b63fe2629fcb7b9d9f2feb46',
33 silly install resolved     bugs: { url: 'https://github.com/gruntjs/grunt-cli/issues' },
33 silly install resolved     homepage: 'https://github.com/gruntjs/grunt-cli#readme',
33 silly install resolved     _id: 'grunt-cli@1.2.0',
33 silly install resolved     _shasum: '562b119ebb069ddb464ace2845501be97b35b6a8',
33 silly install resolved     _from: 'grunt-cli@latest',
33 silly install resolved     _npmVersion: '3.8.2',
33 silly install resolved     _nodeVersion: '4.2.3',
33 silly install resolved     _npmUser: { name: 'vladikoff', email: 'vlad@vladikoff.com' },
33 silly install resolved     dist:
33 silly install resolved      { shasum: '562b119ebb069ddb464ace2845501be97b35b6a8',
33 silly install resolved        tarball: 'https://registry.npmjs.org/grunt-cli/-/grunt-cli-1.2.0.tgz' },
33 silly install resolved     maintainers: [ [Object], [Object], [Object], [Object] ],
33 silly install resolved     _npmOperationalInternal:
33 silly install resolved      { host: 'packages-12-west.internal.npmjs.com',
33 silly install resolved        tmp: 'tmp/grunt-cli-1.2.0.tgz_1459558434299_0.8824446983635426' },
33 silly install resolved     directories: {},
33 silly install resolved     _resolved: 'https://registry.npmjs.org/grunt-cli/-/grunt-cli-1.2.0.tgz',
33 silly install resolved     readme: 'ERROR: No README data found!' } ]
34 info install grunt-cli@1.2.0 into /usr/local/lib
35 info installOne grunt-cli@1.2.0
36 verbose installOne of grunt-cli to /usr/local/lib not in flight; installing
37 verbose lock using /Users/johnnyp/.npm/_locks/grunt-cli-58f484dab06f0a30.lock for /usr/local/lib/node_modules/grunt-cli
38 silly install write writing grunt-cli 1.2.0 to /usr/local/lib/node_modules/grunt-cli
39 verbose unbuild lib/node_modules/grunt-cli
40 info preuninstall grunt-cli@1.2.0
41 info uninstall grunt-cli@1.2.0
42 verbose unbuild rmStuff grunt-cli@1.2.0 from /usr/local/lib/node_modules
43 silly gentlyRm /usr/local/bin/grunt is being gently removed
44 silly gentlyRm verifying /usr/local is an npm working directory
45 silly gentlyRm containing path /usr/local is under npm's control, in /usr/local
46 silly gentlyRm deletion target /usr/local/bin/grunt is under /usr/local
47 verbose gentlyRm vacuuming from /usr/local/bin/grunt up to /usr/local
48 silly vacuum-fs removing /usr/local/bin/grunt
49 silly vacuum-fs quitting because other entries in /usr/local/bin
50 info postuninstall grunt-cli@1.2.0
51 silly gentlyRm /usr/local/lib/node_modules/grunt-cli is being purged from base /usr/local
52 verbose gentlyRm don't care about contents; nuking /usr/local/lib/node_modules/grunt-cli
53 silly vacuum-fs purging /usr/local/lib/node_modules/grunt-cli
54 verbose unlock done using /Users/johnnyp/.npm/_locks/grunt-cli-58f484dab06f0a30.lock for /usr/local/lib/node_modules/grunt-cli
55 verbose stack Error: EACCES: permission denied, rmdir '/usr/local/lib/node_modules/grunt-cli'
55 verbose stack     at Error (native)
56 verbose cwd /srv/sites/e-types/jfashion/FE
57 error Darwin 15.4.0
58 error argv "/usr/local/bin/node" "/usr/local/bin/npm" "install" "-g" "grunt-cli"
59 error node v4.2.4
60 error npm  v2.14.12
61 error path /usr/local/lib/node_modules/grunt-cli
62 error code EACCES
63 error errno -13
64 error syscall rmdir
65 error Error: EACCES: permission denied, rmdir '/usr/local/lib/node_modules/grunt-cli'
65 error     at Error (native)
65 error  { [Error: EACCES: permission denied, rmdir '/usr/local/lib/node_modules/grunt-cli']
65 error   errno: -13,
65 error   code: 'EACCES',
65 error   syscall: 'rmdir',
65 error   path: '/usr/local/lib/node_modules/grunt-cli' }
66 error Please try running this command again as root/Administrator.
67 verbose exit [ -13, true ]
68 verbose unbuild lib/node_modules/grunt-cli
69 info preuninstall grunt-cli@1.2.0
70 info uninstall grunt-cli@1.2.0
71 verbose unbuild rmStuff grunt-cli@1.2.0 from /usr/local/lib/node_modules
72 silly gentlyRm /usr/local/bin/grunt is being gently removed
73 silly gentlyRm verifying /usr/local is an npm working directory
74 silly gentlyRm containing path /usr/local is under npm's control, in /usr/local
75 silly gentlyRm deletion target /usr/local/bin/grunt is under /usr/local
76 verbose gentlyRm vacuuming from /usr/local/bin/grunt up to /usr/local
77 info postuninstall grunt-cli@1.2.0
78 silly gentlyRm /usr/local/lib/node_modules/grunt-cli is being purged from base /usr/local
79 verbose gentlyRm don't care about contents; nuking /usr/local/lib/node_modules/grunt-cli
80 silly vacuum-fs purging /usr/local/lib/node_modules/grunt-cli
81 error error rolling back Error: EACCES: permission denied, rmdir '/usr/local/lib/node_modules/grunt-cli'
81 error error rolling back     at Error (native)
81 error error rolling back  { [Error: EACCES: permission denied, rmdir '/usr/local/lib/node_modules/grunt-cli']
81 error error rolling back   errno: -13,
81 error error rolling back   code: 'EACCES',
81 error error rolling back   syscall: 'rmdir',
81 error error rolling back   path: '/usr/local/lib/node_modules/grunt-cli' }
